<?xml version="1.0" encoding="UTF-8"?>
<!-- Generated by org.testng.reporters.JUnitReportReporter -->
<testsuite hostname="DESKTOP-VU474LA" failures="0" tests="1" name="test.HomePageTest" time="47.055" errors="0" timestamp="2021-10-18T11:03:05 ICT" skipped="0">
  <testcase classname="test.HomePageTest" name="shouldDisplay7ProductsInBestSellerBlock" time="47.055"/>
  <system-out/>
</testsuite> <!-- test.HomePageTest -->
