<?xml version="1.0" encoding="UTF-8"?>
<!-- Generated by org.testng.reporters.JUnitReportReporter -->
<testsuite hostname="DESKTOP-VU474LA" failures="0" tests="1" name="test.DressCategoryPageTest" time="34.914" errors="0" timestamp="2021-10-18T10:59:50 ICT" skipped="0">
  <testcase classname="test.DressCategoryPageTest" name="shouldDisplaySubCategoriesCorrectly" time="34.914"/>
  <system-out/>
</testsuite> <!-- test.DressCategoryPageTest -->
